<?xml version="1.0" encoding="UTF-8"?>
<!-- Generated by org.testng.reporters.JUnitReportReporter -->
<testsuite hostname="Manishs-MacBook.ht.home" failures="0" tests="1" name="testng.Crossbrowser" time="24.045" errors="0" timestamp="2023-08-18T17:32:57 EDT" skipped="0">
  <testcase classname="testng.Crossbrowser" name="Verifypagetitle" time="24.045"/>
</testsuite> <!-- testng.Crossbrowser -->
